2022-08-25 17:06:50,836 table user already exists
2022-08-25 17:06:50,836 SELECT * FROM user
2022-08-25 17:06:50,836 [(1, '1,8', 'nick', 1, '2019-03-02 11:39:20'), (2, '1,0', 'user', 0, '2019-03-02 11:42:26'), (3, '1,7', 'paul', 0, '2019-03-02 11:42:50'), (5, None, '2user', 0, '2019-03-02 11:47:17'), (100, 1.9, 'Nick', 1, '2022-03-02 14:03:28')]
2022-08-25 17:06:50,836 BEGIN 
2022-08-25 17:06:50,837 INSERT OR IGNORE INTO user VALUES (1, 1.81, 'user1', 0, '2022-03-02 14:03:21')
2022-08-25 17:06:50,837 COMMIT
2022-08-25 17:06:50,837 BEGIN 
2022-08-25 17:06:50,837 INSERT OR IGNORE INTO user VALUES (2, 1.82, 'user2', 0, '2022-03-02 14:03:22')
2022-08-25 17:06:50,838 COMMIT
2022-08-25 17:06:50,838 BEGIN 
2022-08-25 17:06:50,838 INSERT OR IGNORE INTO user VALUES (3, 1.83, 'user1', 0, '2022-03-02 14:03:24')
2022-08-25 17:06:50,839 COMMIT
2022-08-25 17:06:50,839 BEGIN 
2022-08-25 17:06:50,839 INSERT OR IGNORE INTO user VALUES (100, 1.9, 'Nick', 1, '2022-03-02 14:03:28')
2022-08-25 17:06:50,839 COMMIT
2022-08-25 17:06:50,839 SELECT * FROM user
2022-08-25 17:06:50,840 [(1, '1,8', 'nick', 1, '2019-03-02 11:39:20'), (2, '1,0', 'user', 0, '2019-03-02 11:42:26'), (3, '1,7', 'paul', 0, '2019-03-02 11:42:50'), (5, None, '2user', 0, '2019-03-02 11:47:17'), (100, 1.9, 'Nick', 1, '2022-03-02 14:03:28')]
2022-08-25 17:06:50,840 BEGIN 
2022-08-25 17:06:50,840 UPDATE user SET deleted = 1 WHERE id == 1
2022-08-25 17:06:50,840 COMMIT
2022-08-25 17:06:50,840 SELECT * FROM user
2022-08-25 17:06:50,841 [(1, '1,8', 'nick', 1, '2019-03-02 11:39:20'), (2, '1,0', 'user', 0, '2019-03-02 11:42:26'), (3, '1,7', 'paul', 0, '2019-03-02 11:42:50'), (5, None, '2user', 0, '2019-03-02 11:47:17'), (100, 1.9, 'Nick', 1, '2022-03-02 14:03:28')]
2022-08-25 17:06:50,841 BEGIN 
2022-08-25 17:06:50,841 DELETE FROM user WHERE name == 'user2'
2022-08-25 17:06:50,841 COMMIT
2022-08-25 17:06:50,841 SELECT * FROM user
2022-08-25 17:06:50,842 [(1, '1,8', 'nick', 1, '2019-03-02 11:39:20'), (2, '1,0', 'user', 0, '2019-03-02 11:42:26'), (3, '1,7', 'paul', 0, '2019-03-02 11:42:50'), (5, None, '2user', 0, '2019-03-02 11:47:17'), (100, 1.9, 'Nick', 1, '2022-03-02 14:03:28')]
